<?xml version="1.0" encoding="UTF-8"?>
<coverage generated="1713247239624" clover="3.2.0">
  <project timestamp="1713247239624" name="All files">
    <metrics statements="4" coveredstatements="4" conditionals="8" coveredconditionals="8" methods="1" coveredmethods="1" elements="13" coveredelements="13" complexity="0" loc="4" ncloc="4" packages="1" files="1" classes="1"/>
    <file name="safeDivide.js" path="/Users/lukaszkorcz/projects/goit/m5z2-copy/unit/safeDivide.js">
      <metrics statements="4" coveredstatements="4" conditionals="8" coveredconditionals="8" methods="1" coveredmethods="1"/>
      <line num="1" count="1" type="stmt"/>
      <line num="2" count="3" type="cond" truecount="2" falsecount="0"/>
      <line num="8" count="1" type="stmt"/>
      <line num="11" count="2" type="cond" truecount="2" falsecount="0"/>
    </file>
  </project>
</coverage>
