{"/Users/lukaszkorcz/projects/goit/m5z2-copy/unit/safeDivide.js": {"path":"/Users/lukaszkorcz/projects/goit/m5z2-copy/unit/safeDivide.js","statementMap":{"0":{"start":{"line":1,"column":0},"end":{"line":12,"column":2}},"1":{"start":{"line":2,"column":4},"end":{"line":9,"column":5}},"2":{"start":{"line":8,"column":8},"end":{"line":8,"column":40}},"3":{"start":{"line":11,"column":4},"end":{"line":11,"column":31}}},"fnMap":{"0":{"name":"(anonymous_0)","decl":{"start":{"line":1,"column":17},"end":{"line":1,"column":18}},"loc":{"start":{"line":1,"column":27},"end":{"line":12,"column":1}},"line":1}},"branchMap":{"0":{"loc":{"start":{"line":2,"column":4},"end":{"line":9,"column":5}},"type":"if","locations":[{"start":{"line":2,"column":4},"end":{"line":9,"column":5}},{"start":{},"end":{}}],"line":2},"1":{"loc":{"start":{"line":3,"column":8},"end":{"line":6,"column":23}},"type":"binary-expr","locations":[{"start":{"line":3,"column":8},"end":{"line":3,"column":29}},{"start":{"line":4,"column":8},"end":{"line":4,"column":29}},{"start":{"line":5,"column":8},"end":{"line":5,"column":23}},{"start":{"line":6,"column":8},"end":{"line":6,"column":23}}],"line":3},"2":{"loc":{"start":{"line":11,"column":11},"end":{"line":11,"column":30}},"type":"cond-expr","locations":[{"start":{"line":11,"column":21},"end":{"line":11,"column":22}},{"start":{"line":11,"column":25},"end":{"line":11,"column":30}}],"line":11}},"s":{"0":1,"1":3,"2":1,"3":2},"f":{"0":3},"b":{"0":[1,2],"1":[3,2,2,2],"2":[1,1]},"_coverageSchema":"1a1c01bbd47fc00a2c39e90264f33305004495a9","hash":"c0cf6bffae63f7bc33ca41816c7b3a6349a37c85"}
}
