{"/Users/lukaszkorcz/projects/goit/m5z2-copy/integration/app.js": {"path":"/Users/lukaszkorcz/projects/goit/m5z2-copy/integration/app.js","statementMap":{"0":{"start":{"line":1,"column":16},"end":{"line":1,"column":34}},"1":{"start":{"line":2,"column":15},"end":{"line":2,"column":34}},"2":{"start":{"line":4,"column":12},"end":{"line":4,"column":25}},"3":{"start":{"line":6,"column":0},"end":{"line":6,"column":24}},"4":{"start":{"line":7,"column":0},"end":{"line":7,"column":24}},"5":{"start":{"line":9,"column":0},"end":{"line":9,"column":21}}},"fnMap":{},"branchMap":{},"s":{"0":2,"1":2,"2":2,"3":2,"4":2,"5":2},"f":{},"b":{},"_coverageSchema":"1a1c01bbd47fc00a2c39e90264f33305004495a9","hash":"85cd2c30ebb2f27e4c8dc46f940736eead6643ca"}
,"/Users/lukaszkorcz/projects/goit/m5z2-copy/integration/db.js": {"path":"/Users/lukaszkorcz/projects/goit/m5z2-copy/integration/db.js","statementMap":{"0":{"start":{"line":1,"column":17},"end":{"line":1,"column":36}},"1":{"start":{"line":3,"column":0},"end":{"line":6,"column":2}},"2":{"start":{"line":4,"column":22},"end":{"line":4,"column":43}},"3":{"start":{"line":5,"column":22},"end":{"line":5,"column":49}}},"fnMap":{"0":{"name":"(anonymous_0)","decl":{"start":{"line":4,"column":13},"end":{"line":4,"column":14}},"loc":{"start":{"line":4,"column":22},"end":{"line":4,"column":43}},"line":4},"1":{"name":"(anonymous_1)","decl":{"start":{"line":5,"column":16},"end":{"line":5,"column":17}},"loc":{"start":{"line":5,"column":22},"end":{"line":5,"column":49}},"line":5}},"branchMap":{},"s":{"0":1,"1":1,"2":1,"3":1},"f":{"0":1,"1":1},"b":{},"_coverageSchema":"1a1c01bbd47fc00a2c39e90264f33305004495a9","hash":"44f2dc6819d4e3f81745c096ad1c88dcce90a397"}
,"/Users/lukaszkorcz/projects/goit/m5z2-copy/integration/controllers/hello.js": {"path":"/Users/lukaszkorcz/projects/goit/m5z2-copy/integration/controllers/hello.js","statementMap":{"0":{"start":{"line":1,"column":12},"end":{"line":3,"column":1}},"1":{"start":{"line":2,"column":4},"end":{"line":2,"column":22}},"2":{"start":{"line":5,"column":0},"end":{"line":5,"column":25}}},"fnMap":{"0":{"name":"(anonymous_0)","decl":{"start":{"line":1,"column":12},"end":{"line":1,"column":13}},"loc":{"start":{"line":1,"column":26},"end":{"line":3,"column":1}},"line":1}},"branchMap":{},"s":{"0":2,"1":1,"2":2},"f":{"0":1},"b":{},"_coverageSchema":"1a1c01bbd47fc00a2c39e90264f33305004495a9","hash":"d6a43e5ca3f667bdb7d598833f5c48e3adb7ce88"}
,"/Users/lukaszkorcz/projects/goit/m5z2-copy/integration/controllers/user.js": {"path":"/Users/lukaszkorcz/projects/goit/m5z2-copy/integration/controllers/user.js","statementMap":{"0":{"start":{"line":1,"column":13},"end":{"line":1,"column":38}},"1":{"start":{"line":3,"column":20},"end":{"line":6,"column":1}},"2":{"start":{"line":4,"column":4},"end":{"line":4,"column":30}},"3":{"start":{"line":5,"column":4},"end":{"line":5,"column":27}},"4":{"start":{"line":8,"column":19},"end":{"line":11,"column":1}},"5":{"start":{"line":9,"column":4},"end":{"line":9,"column":32}},"6":{"start":{"line":10,"column":4},"end":{"line":10,"column":49}},"7":{"start":{"line":13,"column":17},"end":{"line":20,"column":1}},"8":{"start":{"line":15,"column":22},"end":{"line":15,"column":48}},"9":{"start":{"line":16,"column":8},"end":{"line":16,"column":24}},"10":{"start":{"line":22,"column":0},"end":{"line":26,"column":2}}},"fnMap":{"0":{"name":"(anonymous_0)","decl":{"start":{"line":3,"column":20},"end":{"line":3,"column":21}},"loc":{"start":{"line":3,"column":40},"end":{"line":6,"column":1}},"line":3},"1":{"name":"(anonymous_1)","decl":{"start":{"line":8,"column":19},"end":{"line":8,"column":20}},"loc":{"start":{"line":8,"column":39},"end":{"line":11,"column":1}},"line":8},"2":{"name":"(anonymous_2)","decl":{"start":{"line":13,"column":17},"end":{"line":13,"column":18}},"loc":{"start":{"line":13,"column":37},"end":{"line":20,"column":1}},"line":13}},"branchMap":{},"s":{"0":2,"1":2,"2":1,"3":1,"4":2,"5":1,"6":1,"7":2,"8":1,"9":1,"10":2},"f":{"0":1,"1":1,"2":1},"b":{},"_coverageSchema":"1a1c01bbd47fc00a2c39e90264f33305004495a9","hash":"988c7c747c38f07165a9bf5b789e006125290022"}
,"/Users/lukaszkorcz/projects/goit/m5z2-copy/integration/models/User.js": {"path":"/Users/lukaszkorcz/projects/goit/m5z2-copy/integration/models/User.js","statementMap":{"0":{"start":{"line":1,"column":17},"end":{"line":1,"column":36}},"1":{"start":{"line":3,"column":19},"end":{"line":14,"column":2}},"2":{"start":{"line":16,"column":13},"end":{"line":16,"column":47}},"3":{"start":{"line":18,"column":0},"end":{"line":18,"column":22}}},"fnMap":{},"branchMap":{},"s":{"0":2,"1":2,"2":2,"3":2},"f":{},"b":{},"_coverageSchema":"1a1c01bbd47fc00a2c39e90264f33305004495a9","hash":"557b176e04b0a897d4a17e9c7fa6048ad942b487"}
,"/Users/lukaszkorcz/projects/goit/m5z2-copy/integration/routes/index.js": {"path":"/Users/lukaszkorcz/projects/goit/m5z2-copy/integration/routes/index.js","statementMap":{"0":{"start":{"line":1,"column":16},"end":{"line":1,"column":34}},"1":{"start":{"line":3,"column":15},"end":{"line":3,"column":35}},"2":{"start":{"line":5,"column":13},"end":{"line":5,"column":43}},"3":{"start":{"line":6,"column":14},"end":{"line":6,"column":45}},"4":{"start":{"line":8,"column":0},"end":{"line":8,"column":32}},"5":{"start":{"line":10,"column":0},"end":{"line":10,"column":36}},"6":{"start":{"line":11,"column":0},"end":{"line":11,"column":39}},"7":{"start":{"line":12,"column":0},"end":{"line":12,"column":42}},"8":{"start":{"line":14,"column":0},"end":{"line":14,"column":24}}},"fnMap":{},"branchMap":{},"s":{"0":2,"1":2,"2":2,"3":2,"4":2,"5":2,"6":2,"7":2,"8":2},"f":{},"b":{},"_coverageSchema":"1a1c01bbd47fc00a2c39e90264f33305004495a9","hash":"0bc7ca46a5d9ddf47d76881e8bd9d942157aea01"}
}
